[1.370s] DEBUG:colcon:Command line arguments: ['/usr/bin/colcon', 'list', '-p', '--base-paths', '/home/hargalaten/docker_ws/iiwa/seed']
[1.370s] DEBUG:colcon:Parsed command line arguments: Namespace(allow_overriding=[], base_paths=['/home/hargalaten/docker_ws/iiwa/seed'], build_base='build', ignore_user_meta=False, log_base=None, log_level=None, main=<bound method ListVerb.main of <colcon_package_information.verb.list.ListVerb object at 0x7f57784996a0>>, metas=['./colcon.meta'], names_only=False, packages_above=None, packages_above_and_dependencies=None, packages_above_depth=None, packages_end=None, packages_ignore=None, packages_ignore_regex=None, packages_select=None, packages_select_build_failed=False, packages_select_by_dep=None, packages_select_regex=None, packages_select_test_failures=False, packages_skip=None, packages_skip_build_finished=False, packages_skip_by_dep=None, packages_skip_regex=None, packages_skip_test_passed=False, packages_skip_up_to=None, packages_start=None, packages_up_to=None, packages_up_to_regex=None, paths=None, paths_only=True, topological_graph=False, topological_graph_density=False, topological_graph_dot=False, topological_graph_dot_cluster=False, topological_graph_dot_include_skipped=False, topological_graph_legend=False, topological_order=False, verb_extension=<colcon_package_information.verb.list.ListVerb object at 0x7f57784996a0>, verb_name='list', verb_parser=<colcon_defaults.argument_parser.defaults.DefaultArgumentsDecorator object at 0x7f5778387b20>)
[1.522s] Level 1:colcon.colcon_core.package_discovery:discover_packages(colcon_meta) check parameters
[1.522s] Level 1:colcon.colcon_core.package_discovery:discover_packages(recursive) check parameters
[1.522s] Level 1:colcon.colcon_core.package_discovery:discover_packages(ignore) check parameters
[1.522s] Level 1:colcon.colcon_core.package_discovery:discover_packages(path) check parameters
[1.523s] Level 1:colcon.colcon_core.package_discovery:discover_packages(recursive) discover
[1.523s] INFO:colcon.colcon_core.package_discovery:Crawling recursively for packages in '/home/hargalaten/docker_ws/iiwa/seed'
[1.523s] Level 1:colcon.colcon_core.package_identification:_identify(/home/hargalaten/docker_ws/iiwa/seed) by extensions ['ignore', 'ignore_ament_install']
[1.523s] Level 1:colcon.colcon_core.package_identification:_identify(/home/hargalaten/docker_ws/iiwa/seed) by extension 'ignore'
[1.524s] Level 1:colcon.colcon_core.package_identification:_identify(/home/hargalaten/docker_ws/iiwa/seed) by extension 'ignore_ament_install'
[1.524s] Level 1:colcon.colcon_core.package_identification:_identify(/home/hargalaten/docker_ws/iiwa/seed) by extensions ['colcon_pkg']
[1.536s] Level 1:colcon.colcon_core.package_identification:_identify(/home/hargalaten/docker_ws/iiwa/seed) by extension 'colcon_pkg'
[1.536s] Level 1:colcon.colcon_core.package_identification:_identify(/home/hargalaten/docker_ws/iiwa/seed) by extensions ['colcon_meta']
[1.536s] Level 1:colcon.colcon_core.package_identification:_identify(/home/hargalaten/docker_ws/iiwa/seed) by extension 'colcon_meta'
[1.537s] Level 1:colcon.colcon_core.package_identification:_identify(/home/hargalaten/docker_ws/iiwa/seed) by extensions ['ros']
[1.537s] Level 1:colcon.colcon_core.package_identification:_identify(/home/hargalaten/docker_ws/iiwa/seed) by extension 'ros'
[1.665s] Level 1:colcon.colcon_core.package_identification:_identify(/home/hargalaten/docker_ws/iiwa/seed) by extensions ['cmake', 'python']
[1.665s] Level 1:colcon.colcon_core.package_identification:_identify(/home/hargalaten/docker_ws/iiwa/seed) by extension 'cmake'
[1.665s] Level 1:colcon.colcon_core.package_identification:_identify(/home/hargalaten/docker_ws/iiwa/seed) by extension 'python'
[1.666s] Level 1:colcon.colcon_core.package_identification:_identify(/home/hargalaten/docker_ws/iiwa/seed) by extensions ['python_setup_py']
[1.666s] Level 1:colcon.colcon_core.package_identification:_identify(/home/hargalaten/docker_ws/iiwa/seed) by extension 'python_setup_py'
[1.666s] Level 1:colcon.colcon_core.package_identification:_identify(/home/hargalaten/docker_ws/iiwa/seed/log) by extensions ['ignore', 'ignore_ament_install']
[1.666s] Level 1:colcon.colcon_core.package_identification:_identify(/home/hargalaten/docker_ws/iiwa/seed/log) by extension 'ignore'
[1.667s] Level 1:colcon.colcon_core.package_identification:_identify(/home/hargalaten/docker_ws/iiwa/seed/log) ignored
[1.667s] Level 1:colcon.colcon_core.package_identification:_identify(/home/hargalaten/docker_ws/iiwa/seed/src) by extensions ['ignore', 'ignore_ament_install']
[1.667s] Level 1:colcon.colcon_core.package_identification:_identify(/home/hargalaten/docker_ws/iiwa/seed/src) by extension 'ignore'
[1.668s] Level 1:colcon.colcon_core.package_identification:_identify(/home/hargalaten/docker_ws/iiwa/seed/src) by extension 'ignore_ament_install'
[1.668s] Level 1:colcon.colcon_core.package_identification:_identify(/home/hargalaten/docker_ws/iiwa/seed/src) by extensions ['colcon_pkg']
[1.668s] Level 1:colcon.colcon_core.package_identification:_identify(/home/hargalaten/docker_ws/iiwa/seed/src) by extension 'colcon_pkg'
[1.668s] Level 1:colcon.colcon_core.package_identification:_identify(/home/hargalaten/docker_ws/iiwa/seed/src) by extensions ['colcon_meta']
[1.668s] Level 1:colcon.colcon_core.package_identification:_identify(/home/hargalaten/docker_ws/iiwa/seed/src) by extension 'colcon_meta'
[1.668s] Level 1:colcon.colcon_core.package_identification:_identify(/home/hargalaten/docker_ws/iiwa/seed/src) by extensions ['ros']
[1.668s] Level 1:colcon.colcon_core.package_identification:_identify(/home/hargalaten/docker_ws/iiwa/seed/src) by extension 'ros'
[1.669s] Level 1:colcon.colcon_core.package_identification:_identify(/home/hargalaten/docker_ws/iiwa/seed/src) by extensions ['cmake', 'python']
[1.669s] Level 1:colcon.colcon_core.package_identification:_identify(/home/hargalaten/docker_ws/iiwa/seed/src) by extension 'cmake'
[1.669s] Level 1:colcon.colcon_core.package_identification:_identify(/home/hargalaten/docker_ws/iiwa/seed/src) by extension 'python'
[1.669s] Level 1:colcon.colcon_core.package_identification:_identify(/home/hargalaten/docker_ws/iiwa/seed/src) by extensions ['python_setup_py']
[1.669s] Level 1:colcon.colcon_core.package_identification:_identify(/home/hargalaten/docker_ws/iiwa/seed/src) by extension 'python_setup_py'
[1.669s] Level 1:colcon.colcon_core.package_identification:_identify(/home/hargalaten/docker_ws/iiwa/seed/src/seed) by extensions ['ignore', 'ignore_ament_install']
[1.669s] Level 1:colcon.colcon_core.package_identification:_identify(/home/hargalaten/docker_ws/iiwa/seed/src/seed) by extension 'ignore'
[1.670s] Level 1:colcon.colcon_core.package_identification:_identify(/home/hargalaten/docker_ws/iiwa/seed/src/seed) by extension 'ignore_ament_install'
[1.670s] Level 1:colcon.colcon_core.package_identification:_identify(/home/hargalaten/docker_ws/iiwa/seed/src/seed) by extensions ['colcon_pkg']
[1.670s] Level 1:colcon.colcon_core.package_identification:_identify(/home/hargalaten/docker_ws/iiwa/seed/src/seed) by extension 'colcon_pkg'
[1.670s] Level 1:colcon.colcon_core.package_identification:_identify(/home/hargalaten/docker_ws/iiwa/seed/src/seed) by extensions ['colcon_meta']
[1.670s] Level 1:colcon.colcon_core.package_identification:_identify(/home/hargalaten/docker_ws/iiwa/seed/src/seed) by extension 'colcon_meta'
[1.670s] Level 1:colcon.colcon_core.package_identification:_identify(/home/hargalaten/docker_ws/iiwa/seed/src/seed) by extensions ['ros']
[1.670s] Level 1:colcon.colcon_core.package_identification:_identify(/home/hargalaten/docker_ws/iiwa/seed/src/seed) by extension 'ros'
[1.700s] DEBUG:colcon.colcon_core.package_identification:Package '/home/hargalaten/docker_ws/iiwa/seed/src/seed' with type 'ros.ament_cmake' and name 'seed'
[1.700s] Level 1:colcon.colcon_core.package_discovery:discover_packages(recursive) using defaults
