-- The C compiler identification is GNU 9.4.0
-- The CXX compiler identification is GNU 9.4.0
-- Check for working C compiler: /usr/bin/cc
-- Check for working C compiler: /usr/bin/cc -- works
-- Detecting C compiler ABI info
-- Detecting C compiler ABI info - done
-- Detecting C compile features
-- Detecting C compile features - done
-- Check for working CXX compiler: /usr/bin/c++
-- Check for working CXX compiler: /usr/bin/c++ -- works
-- Detecting CXX compiler ABI info
-- Detecting CXX compiler ABI info - done
-- Detecting CXX compile features
-- Detecting CXX compile features - done
-- Found ament_cmake: 0.9.11 (/opt/ros/foxy/share/ament_cmake/cmake)
-- Found PythonInterp: /usr/bin/python3 (found suitable version "3.8.10", minimum required is "3") 
-- Using PYTHON_EXECUTABLE: /usr/bin/python3
-- Found rclcpp: 2.4.2 (/opt/ros/foxy/share/rclcpp/cmake)
-- Using all available rosidl_typesupport_c: rosidl_typesupport_fastrtps_c;rosidl_typesupport_introspection_c
-- Found rosidl_adapter: 1.3.0 (/opt/ros/foxy/share/rosidl_adapter/cmake)
-- Found OpenSSL: /usr/lib/x86_64-linux-gnu/libcrypto.so (found version "1.1.1f")  
-- Found FastRTPS: /opt/ros/foxy/include  
-- Using all available rosidl_typesupport_cpp: rosidl_typesupport_fastrtps_cpp;rosidl_typesupport_introspection_cpp
-- Found rmw_implementation_cmake: 1.0.4 (/opt/ros/foxy/share/rmw_implementation_cmake/cmake)
-- Using RMW implementation 'rmw_fastrtps_cpp' as default
-- Looking for pthread.h
-- Looking for pthread.h - found
-- Performing Test CMAKE_HAVE_LIBC_PTHREAD
-- Performing Test CMAKE_HAVE_LIBC_PTHREAD - Failed
-- Looking for pthread_create in pthreads
-- Looking for pthread_create in pthreads - not found
-- Looking for pthread_create in pthread
-- Looking for pthread_create in pthread - found
-- Found Threads: TRUE  
-- Found sensor_msgs: 2.0.5 (/opt/ros/foxy/share/sensor_msgs/cmake)
-- Found OpenCV: /usr (found version "4.2.0") 
-- Found image_transport: 2.4.0 (/opt/ros/foxy/share/image_transport/cmake)
-- Found cv_bridge: 3.0.7 (/opt/ros/foxy/share/cv_bridge/cmake)
-- Found tf2_ros: 0.13.14 (/opt/ros/foxy/share/tf2_ros/cmake)
-- Found ament_lint_auto: 0.9.8 (/opt/ros/foxy/share/ament_lint_auto/cmake)
-- Added test 'copyright' to check source files copyright and LICENSE
-- Added test 'cppcheck' to perform static code analysis on C / C++ code
-- Configured cppcheck include dirs: /home/hargalaten/ros2_ws/src/seed_pdt/include
-- Configured cppcheck exclude dirs and/or files: 
-- Added test 'cpplint' to check C / C++ code against the Google style
-- Configured cpplint exclude dirs and/or files: 
-- Added test 'flake8' to check Python code syntax and style conventions
-- Added test 'lint_cmake' to check CMake code style
-- Added test 'pep257' to check Python code against some of the style conventions in PEP 257
-- Added test 'uncrustify' to check C / C++ code style
-- Configured uncrustify additional arguments: 
-- Added test 'xmllint' to check XML markup files
-- Configuring done
-- Generating done
-- Build files have been written to: /home/hargalaten/ros2_ws/src/seed_pdt/build/seed_pdt
[35m[1mScanning dependencies of target seed[0m
[ 14%] [32mBuilding CXX object CMakeFiles/seed.dir/src/behavior.cpp.o[0m
[ 28%] [32mBuilding CXX object CMakeFiles/seed.dir/src/seed.cpp.o[0m
[ 42%] [32mBuilding CXX object CMakeFiles/seed.dir/src/seed_wakeUp.cpp.o[0m
[ 57%] [32mBuilding CXX object CMakeFiles/seed.dir/src/LTM_swipl.cpp.o[0m
[ 71%] [32mBuilding CXX object CMakeFiles/seed.dir/src/WM.cpp.o[0m
[ 85%] [32mBuilding CXX object CMakeFiles/seed.dir/src/GUI/gui_tree.cpp.o[0m
[100%] [32m[1mLinking CXX executable seed[0m
[100%] Built target seed
-- Install configuration: ""
-- Installing: /home/hargalaten/ros2_ws/src/seed_pdt/install/seed_pdt/lib/seed_pdt/seed
-- Set runtime path of "/home/hargalaten/ros2_ws/src/seed_pdt/install/seed_pdt/lib/seed_pdt/seed" to ""
-- Installing: /home/hargalaten/ros2_ws/src/seed_pdt/install/seed_pdt/share/seed_pdt//launch
-- Installing: /home/hargalaten/ros2_ws/src/seed_pdt/install/seed_pdt/share/seed_pdt//launch/seed_lnd.py
-- Installing: /home/hargalaten/ros2_ws/src/seed_pdt/install/seed_pdt/share/seed_pdt//launch/seed_lnd_test.py
-- Installing: /home/hargalaten/ros2_ws/src/seed_pdt/install/seed_pdt/share/ament_index/resource_index/package_run_dependencies/seed_pdt
-- Installing: /home/hargalaten/ros2_ws/src/seed_pdt/install/seed_pdt/share/ament_index/resource_index/parent_prefix_path/seed_pdt
-- Installing: /home/hargalaten/ros2_ws/src/seed_pdt/install/seed_pdt/share/seed_pdt/environment/ament_prefix_path.sh
-- Installing: /home/hargalaten/ros2_ws/src/seed_pdt/install/seed_pdt/share/seed_pdt/environment/ament_prefix_path.dsv
-- Installing: /home/hargalaten/ros2_ws/src/seed_pdt/install/seed_pdt/share/seed_pdt/environment/path.sh
-- Installing: /home/hargalaten/ros2_ws/src/seed_pdt/install/seed_pdt/share/seed_pdt/environment/path.dsv
-- Installing: /home/hargalaten/ros2_ws/src/seed_pdt/install/seed_pdt/share/seed_pdt/local_setup.bash
-- Installing: /home/hargalaten/ros2_ws/src/seed_pdt/install/seed_pdt/share/seed_pdt/local_setup.sh
-- Installing: /home/hargalaten/ros2_ws/src/seed_pdt/install/seed_pdt/share/seed_pdt/local_setup.zsh
-- Installing: /home/hargalaten/ros2_ws/src/seed_pdt/install/seed_pdt/share/seed_pdt/local_setup.dsv
-- Installing: /home/hargalaten/ros2_ws/src/seed_pdt/install/seed_pdt/share/seed_pdt/package.dsv
-- Installing: /home/hargalaten/ros2_ws/src/seed_pdt/install/seed_pdt/share/ament_index/resource_index/packages/seed_pdt
-- Installing: /home/hargalaten/ros2_ws/src/seed_pdt/install/seed_pdt/share/seed_pdt/cmake/seed_pdtConfig.cmake
-- Installing: /home/hargalaten/ros2_ws/src/seed_pdt/install/seed_pdt/share/seed_pdt/cmake/seed_pdtConfig-version.cmake
-- Installing: /home/hargalaten/ros2_ws/src/seed_pdt/install/seed_pdt/share/seed_pdt/package.xml
